This file contains any messages produced by compilers while
running configure, to aid debugging if configure makes a mistake.

It was created by PAPI configure 7.2.0.0b1, which was
generated by GNU Autoconf 2.69.  Invocation command line was

  $ ./configure 

## --------- ##
## Platform. ##
## --------- ##

hostname = MacBook-Pro-Grant.local
uname -m = arm64
uname -r = 22.1.0
uname -s = Darwin
uname -v = Darwin Kernel Version 22.1.0: Sun Oct  9 20:19:12 PDT 2022; root:xnu-8792.41.9~3/RELEASE_ARM64_T6020

/usr/bin/uname -p = arm
/bin/uname -X     = unknown

/bin/arch              = unknown
/usr/bin/arch -k       = unknown
/usr/convex/getsysinfo = unknown
/usr/bin/hostinfo      = Mach kernel version:
	 Darwin Kernel Version 22.1.0: Sun Oct  9 20:19:12 PDT 2022; root:xnu-8792.41.9~3/RELEASE_ARM64_T6020
Kernel configured for up to 12 processors.
12 processors are physically available.
12 processors are logically available.
Processor type: arm64e (ARM64E)
Processors active: 0 1 2 3 4 5 6 7 8 9 10 11
Primary memory available: 16.00 gigabytes
Default processor set: 552 tasks, 2929 threads, 12 processors
Load average: 1.03, Mach factor: 10.96
/bin/machine           = unknown
/usr/bin/oslevel       = unknown
/bin/universe          = unknown

PATH: /opt/anaconda3/bin
PATH: /opt/anaconda3/condabin
PATH: /opt/homebrew/bin
PATH: /opt/homebrew/sbin
PATH: /usr/local/bin
PATH: /System/Cryptexes/App/usr/bin
PATH: /usr/bin
PATH: /bin
PATH: /usr/sbin
PATH: /sbin


## ----------- ##
## Core tests. ##
## ----------- ##

configure:2457: checking for architecture
configure:2467: result: arm64
configure:2477: checking for OS
configure:2490: result: darwin
configure:2493: checking for OS version
configure:2505: result: 22.1.0
configure:2510: checking for perf_event workaround level
configure:2521: result: autodetect
configure:2524: checking for if MIC should be used
configure:2541: result: no
configure:2545: checking for if NEC should be used
configure:2562: result: no
configure:2626: checking for xlc
configure:2656: result: no
configure:2626: checking for icc
configure:2656: result: no
configure:2626: checking for gcc
configure:2642: found /usr/bin/gcc
configure:2653: result: gcc
configure:2684: checking for C compiler version
configure:2693: gcc --version >&5
Apple clang version 14.0.3 (clang-1403.0.22.14.1)
Target: arm64-apple-darwin22.1.0
Thread model: posix
InstalledDir: /Library/Developer/CommandLineTools/usr/bin
configure:2704: $? = 0
configure:2693: gcc -v >&5
Apple clang version 14.0.3 (clang-1403.0.22.14.1)
Target: arm64-apple-darwin22.1.0
Thread model: posix
InstalledDir: /Library/Developer/CommandLineTools/usr/bin
configure:2704: $? = 0
configure:2693: gcc -V >&5
clang: error: argument to '-V' is missing (expected 1 value)
clang: error: no input files
configure:2704: $? = 1
configure:2693: gcc -qversion >&5
clang: error: unknown argument '-qversion'; did you mean '--version'?
clang: error: no input files
configure:2704: $? = 1
configure:2724: checking whether the C compiler works
configure:2746: gcc    conftest.c  >&5
configure:2750: $? = 0
configure:2798: result: yes
configure:2801: checking for C compiler default output file name
configure:2803: result: a.out
configure:2809: checking for suffix of executables
configure:2816: gcc -o conftest    conftest.c  >&5
configure:2820: $? = 0
configure:2842: result: 
configure:2864: checking whether we are cross compiling
configure:2872: gcc -o conftest    conftest.c  >&5
configure:2876: $? = 0
configure:2883: ./conftest
configure:2887: $? = 0
configure:2902: result: no
configure:2907: checking for suffix of object files
configure:2929: gcc -c   conftest.c >&5
configure:2933: $? = 0
configure:2954: result: o
configure:2958: checking whether we are using the GNU C compiler
configure:2977: gcc -c   conftest.c >&5
configure:2977: $? = 0
configure:2986: result: yes
configure:2995: checking whether gcc accepts -g
configure:3015: gcc -c -g  conftest.c >&5
configure:3015: $? = 0
configure:3056: result: yes
configure:3073: checking for gcc option to accept ISO C89
configure:3136: gcc  -c   conftest.c >&5
conftest.c:15:14: warning: a function declaration without a prototype is deprecated in all versions of C and is not supported in C2x [-Wdeprecated-non-prototype]
static char *e (p, i)
             ^
1 warning generated.
configure:3136: $? = 0
configure:3149: result: none needed
configure:3222: checking for xlf
configure:3252: result: no
configure:3222: checking for ifort
configure:3252: result: no
configure:3222: checking for gfortran
configure:3238: found /opt/homebrew/bin/gfortran
configure:3249: result: gfortran
configure:3275: checking for Fortran 77 compiler version
configure:3284: gfortran --version >&5
GNU Fortran (Homebrew GCC 14.2.0) 14.2.0
Copyright (C) 2024 Free Software Foundation, Inc.
This is free software; see the source for copying conditions.  There is NO
warranty; not even for MERCHANTABILITY or FITNESS FOR A PARTICULAR PURPOSE.

configure:3295: $? = 0
configure:3284: gfortran -v >&5
Using built-in specs.
COLLECT_GCC=gfortran
COLLECT_LTO_WRAPPER=/opt/homebrew/Cellar/gcc/14.2.0/bin/../libexec/gcc/aarch64-apple-darwin22/14/lto-wrapper
Target: aarch64-apple-darwin22
Configured with: ../configure --prefix=/opt/homebrew/opt/gcc --libdir=/opt/homebrew/opt/gcc/lib/gcc/current --disable-nls --enable-checking=release --with-gcc-major-version-only --enable-languages=c,c++,objc,obj-c++,fortran,m2 --program-suffix=-14 --with-gmp=/opt/homebrew/opt/gmp --with-mpfr=/opt/homebrew/opt/mpfr --with-mpc=/opt/homebrew/opt/libmpc --with-isl=/opt/homebrew/opt/isl --with-zstd=/opt/homebrew/opt/zstd --with-pkgversion='Homebrew GCC 14.2.0' --with-bugurl=https://github.com/Homebrew/homebrew-core/issues --with-system-zlib --build=aarch64-apple-darwin22 --with-sysroot=/Library/Developer/CommandLineTools/SDKs/MacOSX13.sdk
Thread model: posix
Supported LTO compression algorithms: zlib zstd
gcc version 14.2.0 (Homebrew GCC 14.2.0) 
configure:3295: $? = 0
configure:3284: gfortran -V >&5
gfortran: error: unrecognized command-line option '-V'
gfortran: fatal error: no input files
compilation terminated.
configure:3295: $? = 1
configure:3284: gfortran -qversion >&5
gfortran: error: unrecognized command-line option '-qversion'; did you mean '--version'?
gfortran: fatal error: no input files
compilation terminated.
configure:3295: $? = 1
configure:3304: checking whether we are using the GNU Fortran 77 compiler
configure:3317: gfortran -c  conftest.F >&5
configure:3317: $? = 0
configure:3326: result: yes
configure:3332: checking whether gfortran accepts -g
configure:3343: gfortran -c -g conftest.f >&5
configure:3343: $? = 0
configure:3351: result: yes
configure:3385: checking for mpicc
configure:3415: result: no
configure:3518: checking for gawk
configure:3548: result: no
configure:3518: checking for mawk
configure:3548: result: no
configure:3518: checking for nawk
configure:3548: result: no
configure:3518: checking for awk
configure:3534: found /usr/bin/awk
configure:3545: result: awk
configure:3561: checking how to run the C preprocessor
configure:3592: gcc -E  conftest.c
configure:3592: $? = 0
configure:3606: gcc -E  conftest.c
conftest.c:9:10: fatal error: 'ac_nonexistent.h' file not found
#include <ac_nonexistent.h>
         ^~~~~~~~~~~~~~~~~~
1 error generated.
configure:3606: $? = 1
configure: failed program was:
| /* confdefs.h */
| #define PACKAGE_NAME "PAPI"
| #define PACKAGE_TARNAME "papi"
| #define PACKAGE_VERSION "7.2.0.0b1"
| #define PACKAGE_STRING "PAPI 7.2.0.0b1"
| #define PACKAGE_BUGREPORT "ptools-perfapi@icl.utk.edu"
| #define PACKAGE_URL ""
| /* end confdefs.h.  */
| #include <ac_nonexistent.h>
configure:3631: result: gcc -E
configure:3651: gcc -E  conftest.c
configure:3651: $? = 0
configure:3665: gcc -E  conftest.c
conftest.c:9:10: fatal error: 'ac_nonexistent.h' file not found
#include <ac_nonexistent.h>
         ^~~~~~~~~~~~~~~~~~
1 error generated.
configure:3665: $? = 1
configure: failed program was:
| /* confdefs.h */
| #define PACKAGE_NAME "PAPI"
| #define PACKAGE_TARNAME "papi"
| #define PACKAGE_VERSION "7.2.0.0b1"
| #define PACKAGE_STRING "PAPI 7.2.0.0b1"
| #define PACKAGE_BUGREPORT "ptools-perfapi@icl.utk.edu"
| #define PACKAGE_URL ""
| /* end confdefs.h.  */
| #include <ac_nonexistent.h>
configure:3693: checking whether ln -s works
configure:3697: result: yes
configure:3704: checking whether make sets $(MAKE)
configure:3726: result: yes
configure:3778: checking for ranlib
configure:3794: found /opt/anaconda3/bin/ranlib
configure:3805: result: ranlib
configure:3829: checking for grep that handles long lines and -e
configure:3887: result: /usr/bin/grep
configure:3892: checking for egrep
configure:3954: result: /usr/bin/grep -E
configure:3959: checking for ANSI C header files
configure:3979: gcc -c   conftest.c >&5
configure:3979: $? = 0
configure:4052: gcc -o conftest    conftest.c  >&5
configure:4052: $? = 0
configure:4052: ./conftest
configure:4052: $? = 0
configure:4063: result: yes
configure:4076: checking for sys/types.h
configure:4076: gcc -c   conftest.c >&5
configure:4076: $? = 0
configure:4076: result: yes
configure:4076: checking for sys/stat.h
configure:4076: gcc -c   conftest.c >&5
configure:4076: $? = 0
configure:4076: result: yes
configure:4076: checking for stdlib.h
configure:4076: gcc -c   conftest.c >&5
configure:4076: $? = 0
configure:4076: result: yes
configure:4076: checking for string.h
configure:4076: gcc -c   conftest.c >&5
configure:4076: $? = 0
configure:4076: result: yes
configure:4076: checking for memory.h
configure:4076: gcc -c   conftest.c >&5
configure:4076: $? = 0
configure:4076: result: yes
configure:4076: checking for strings.h
configure:4076: gcc -c   conftest.c >&5
configure:4076: $? = 0
configure:4076: result: yes
configure:4076: checking for inttypes.h
configure:4076: gcc -c   conftest.c >&5
configure:4076: $? = 0
configure:4076: result: yes
configure:4076: checking for stdint.h
configure:4076: gcc -c   conftest.c >&5
configure:4076: $? = 0
configure:4076: result: yes
configure:4076: checking for unistd.h
configure:4076: gcc -c   conftest.c >&5
configure:4076: $? = 0
configure:4076: result: yes
configure:4089: checking minix/config.h usability
configure:4089: gcc -c   conftest.c >&5
conftest.c:52:10: fatal error: 'minix/config.h' file not found
#include <minix/config.h>
         ^~~~~~~~~~~~~~~~
1 error generated.
configure:4089: $? = 1
configure: failed program was:
| /* confdefs.h */
| #define PACKAGE_NAME "PAPI"
| #define PACKAGE_TARNAME "papi"
| #define PACKAGE_VERSION "7.2.0.0b1"
| #define PACKAGE_STRING "PAPI 7.2.0.0b1"
| #define PACKAGE_BUGREPORT "ptools-perfapi@icl.utk.edu"
| #define PACKAGE_URL ""
| #define STDC_HEADERS 1
| #define HAVE_SYS_TYPES_H 1
| #define HAVE_SYS_STAT_H 1
| #define HAVE_STDLIB_H 1
| #define HAVE_STRING_H 1
| #define HAVE_MEMORY_H 1
| #define HAVE_STRINGS_H 1
| #define HAVE_INTTYPES_H 1
| #define HAVE_STDINT_H 1
| #define HAVE_UNISTD_H 1
| /* end confdefs.h.  */
| #include <stdio.h>
| #ifdef HAVE_SYS_TYPES_H
| # include <sys/types.h>
| #endif
| #ifdef HAVE_SYS_STAT_H
| # include <sys/stat.h>
| #endif
| #ifdef STDC_HEADERS
| # include <stdlib.h>
| # include <stddef.h>
| #else
| # ifdef HAVE_STDLIB_H
| #  include <stdlib.h>
| # endif
| #endif
| #ifdef HAVE_STRING_H
| # if !defined STDC_HEADERS && defined HAVE_MEMORY_H
| #  include <memory.h>
| # endif
| # include <string.h>
| #endif
| #ifdef HAVE_STRINGS_H
| # include <strings.h>
| #endif
| #ifdef HAVE_INTTYPES_H
| # include <inttypes.h>
| #endif
| #ifdef HAVE_STDINT_H
| # include <stdint.h>
| #endif
| #ifdef HAVE_UNISTD_H
| # include <unistd.h>
| #endif
| #include <minix/config.h>
configure:4089: result: no
configure:4089: checking minix/config.h presence
configure:4089: gcc -E  conftest.c
conftest.c:19:10: fatal error: 'minix/config.h' file not found
#include <minix/config.h>
         ^~~~~~~~~~~~~~~~
1 error generated.
configure:4089: $? = 1
configure: failed program was:
| /* confdefs.h */
| #define PACKAGE_NAME "PAPI"
| #define PACKAGE_TARNAME "papi"
| #define PACKAGE_VERSION "7.2.0.0b1"
| #define PACKAGE_STRING "PAPI 7.2.0.0b1"
| #define PACKAGE_BUGREPORT "ptools-perfapi@icl.utk.edu"
| #define PACKAGE_URL ""
| #define STDC_HEADERS 1
| #define HAVE_SYS_TYPES_H 1
| #define HAVE_SYS_STAT_H 1
| #define HAVE_STDLIB_H 1
| #define HAVE_STRING_H 1
| #define HAVE_MEMORY_H 1
| #define HAVE_STRINGS_H 1
| #define HAVE_INTTYPES_H 1
| #define HAVE_STDINT_H 1
| #define HAVE_UNISTD_H 1
| /* end confdefs.h.  */
| #include <minix/config.h>
configure:4089: result: no
configure:4089: checking for minix/config.h
configure:4089: result: no
configure:4110: checking whether it is safe to define __EXTENSIONS__
configure:4128: gcc -c   conftest.c >&5
configure:4128: $? = 0
configure:4135: result: yes
configure:4150: checking for ANSI C header files
configure:4254: result: yes
configure:4262: checking for inline
configure:4278: gcc -c   conftest.c >&5
configure:4278: $? = 0
configure:4286: result: inline
configure:4304: checking whether time.h and sys/time.h may both be included
configure:4324: gcc -c   conftest.c >&5
configure:4324: $? = 0
configure:4331: result: yes
configure:4342: checking sys/time.h usability
configure:4342: gcc -c   conftest.c >&5
configure:4342: $? = 0
configure:4342: result: yes
configure:4342: checking sys/time.h presence
configure:4342: gcc -E  conftest.c
configure:4342: $? = 0
configure:4342: result: yes
configure:4342: checking for sys/time.h
configure:4342: result: yes
configure:4342: checking c_asm.h usability
configure:4342: gcc -c   conftest.c >&5
conftest.c:60:10: fatal error: 'c_asm.h' file not found
#include <c_asm.h>
         ^~~~~~~~~
1 error generated.
configure:4342: $? = 1
configure: failed program was:
| /* confdefs.h */
| #define PACKAGE_NAME "PAPI"
| #define PACKAGE_TARNAME "papi"
| #define PACKAGE_VERSION "7.2.0.0b1"
| #define PACKAGE_STRING "PAPI 7.2.0.0b1"
| #define PACKAGE_BUGREPORT "ptools-perfapi@icl.utk.edu"
| #define PACKAGE_URL ""
| #define STDC_HEADERS 1
| #define HAVE_SYS_TYPES_H 1
| #define HAVE_SYS_STAT_H 1
| #define HAVE_STDLIB_H 1
| #define HAVE_STRING_H 1
| #define HAVE_MEMORY_H 1
| #define HAVE_STRINGS_H 1
| #define HAVE_INTTYPES_H 1
| #define HAVE_STDINT_H 1
| #define HAVE_UNISTD_H 1
| #define __EXTENSIONS__ 1
| #define _ALL_SOURCE 1
| #define _GNU_SOURCE 1
| #define _POSIX_PTHREAD_SEMANTICS 1
| #define _TANDEM_SOURCE 1
| #define STDC_HEADERS 1
| #define TIME_WITH_SYS_TIME 1
| #define HAVE_SYS_TIME_H 1
| /* end confdefs.h.  */
| #include <stdio.h>
| #ifdef HAVE_SYS_TYPES_H
| # include <sys/types.h>
| #endif
| #ifdef HAVE_SYS_STAT_H
| # include <sys/stat.h>
| #endif
| #ifdef STDC_HEADERS
| # include <stdlib.h>
| # include <stddef.h>
| #else
| # ifdef HAVE_STDLIB_H
| #  include <stdlib.h>
| # endif
| #endif
| #ifdef HAVE_STRING_H
| # if !defined STDC_HEADERS && defined HAVE_MEMORY_H
| #  include <memory.h>
| # endif
| # include <string.h>
| #endif
| #ifdef HAVE_STRINGS_H
| # include <strings.h>
| #endif
| #ifdef HAVE_INTTYPES_H
| # include <inttypes.h>
| #endif
| #ifdef HAVE_STDINT_H
| # include <stdint.h>
| #endif
| #ifdef HAVE_UNISTD_H
| # include <unistd.h>
| #endif
| #include <c_asm.h>
configure:4342: result: no
configure:4342: checking c_asm.h presence
configure:4342: gcc -E  conftest.c
conftest.c:27:10: fatal error: 'c_asm.h' file not found
#include <c_asm.h>
         ^~~~~~~~~
1 error generated.
configure:4342: $? = 1
configure: failed program was:
| /* confdefs.h */
| #define PACKAGE_NAME "PAPI"
| #define PACKAGE_TARNAME "papi"
| #define PACKAGE_VERSION "7.2.0.0b1"
| #define PACKAGE_STRING "PAPI 7.2.0.0b1"
| #define PACKAGE_BUGREPORT "ptools-perfapi@icl.utk.edu"
| #define PACKAGE_URL ""
| #define STDC_HEADERS 1
| #define HAVE_SYS_TYPES_H 1
| #define HAVE_SYS_STAT_H 1
| #define HAVE_STDLIB_H 1
| #define HAVE_STRING_H 1
| #define HAVE_MEMORY_H 1
| #define HAVE_STRINGS_H 1
| #define HAVE_INTTYPES_H 1
| #define HAVE_STDINT_H 1
| #define HAVE_UNISTD_H 1
| #define __EXTENSIONS__ 1
| #define _ALL_SOURCE 1
| #define _GNU_SOURCE 1
| #define _POSIX_PTHREAD_SEMANTICS 1
| #define _TANDEM_SOURCE 1
| #define STDC_HEADERS 1
| #define TIME_WITH_SYS_TIME 1
| #define HAVE_SYS_TIME_H 1
| /* end confdefs.h.  */
| #include <c_asm.h>
configure:4342: result: no
configure:4342: checking for c_asm.h
configure:4342: result: no
configure:4342: checking intrinsics.h usability
configure:4342: gcc -c   conftest.c >&5
conftest.c:60:10: fatal error: 'intrinsics.h' file not found
#include <intrinsics.h>
         ^~~~~~~~~~~~~~
1 error generated.
configure:4342: $? = 1
configure: failed program was:
| /* confdefs.h */
| #define PACKAGE_NAME "PAPI"
| #define PACKAGE_TARNAME "papi"
| #define PACKAGE_VERSION "7.2.0.0b1"
| #define PACKAGE_STRING "PAPI 7.2.0.0b1"
| #define PACKAGE_BUGREPORT "ptools-perfapi@icl.utk.edu"
| #define PACKAGE_URL ""
| #define STDC_HEADERS 1
| #define HAVE_SYS_TYPES_H 1
| #define HAVE_SYS_STAT_H 1
| #define HAVE_STDLIB_H 1
| #define HAVE_STRING_H 1
| #define HAVE_MEMORY_H 1
| #define HAVE_STRINGS_H 1
| #define HAVE_INTTYPES_H 1
| #define HAVE_STDINT_H 1
| #define HAVE_UNISTD_H 1
| #define __EXTENSIONS__ 1
| #define _ALL_SOURCE 1
| #define _GNU_SOURCE 1
| #define _POSIX_PTHREAD_SEMANTICS 1
| #define _TANDEM_SOURCE 1
| #define STDC_HEADERS 1
| #define TIME_WITH_SYS_TIME 1
| #define HAVE_SYS_TIME_H 1
| /* end confdefs.h.  */
| #include <stdio.h>
| #ifdef HAVE_SYS_TYPES_H
| # include <sys/types.h>
| #endif
| #ifdef HAVE_SYS_STAT_H
| # include <sys/stat.h>
| #endif
| #ifdef STDC_HEADERS
| # include <stdlib.h>
| # include <stddef.h>
| #else
| # ifdef HAVE_STDLIB_H
| #  include <stdlib.h>
| # endif
| #endif
| #ifdef HAVE_STRING_H
| # if !defined STDC_HEADERS && defined HAVE_MEMORY_H
| #  include <memory.h>
| # endif
| # include <string.h>
| #endif
| #ifdef HAVE_STRINGS_H
| # include <strings.h>
| #endif
| #ifdef HAVE_INTTYPES_H
| # include <inttypes.h>
| #endif
| #ifdef HAVE_STDINT_H
| # include <stdint.h>
| #endif
| #ifdef HAVE_UNISTD_H
| # include <unistd.h>
| #endif
| #include <intrinsics.h>
configure:4342: result: no
configure:4342: checking intrinsics.h presence
configure:4342: gcc -E  conftest.c
conftest.c:27:10: fatal error: 'intrinsics.h' file not found
#include <intrinsics.h>
         ^~~~~~~~~~~~~~
1 error generated.
configure:4342: $? = 1
configure: failed program was:
| /* confdefs.h */
| #define PACKAGE_NAME "PAPI"
| #define PACKAGE_TARNAME "papi"
| #define PACKAGE_VERSION "7.2.0.0b1"
| #define PACKAGE_STRING "PAPI 7.2.0.0b1"
| #define PACKAGE_BUGREPORT "ptools-perfapi@icl.utk.edu"
| #define PACKAGE_URL ""
| #define STDC_HEADERS 1
| #define HAVE_SYS_TYPES_H 1
| #define HAVE_SYS_STAT_H 1
| #define HAVE_STDLIB_H 1
| #define HAVE_STRING_H 1
| #define HAVE_MEMORY_H 1
| #define HAVE_STRINGS_H 1
| #define HAVE_INTTYPES_H 1
| #define HAVE_STDINT_H 1
| #define HAVE_UNISTD_H 1
| #define __EXTENSIONS__ 1
| #define _ALL_SOURCE 1
| #define _GNU_SOURCE 1
| #define _POSIX_PTHREAD_SEMANTICS 1
| #define _TANDEM_SOURCE 1
| #define STDC_HEADERS 1
| #define TIME_WITH_SYS_TIME 1
| #define HAVE_SYS_TIME_H 1
| /* end confdefs.h.  */
| #include <intrinsics.h>
configure:4342: result: no
configure:4342: checking for intrinsics.h
configure:4342: result: no
configure:4342: checking mach/mach_time.h usability
configure:4342: gcc -c   conftest.c >&5
configure:4342: $? = 0
configure:4342: result: yes
configure:4342: checking mach/mach_time.h presence
configure:4342: gcc -E  conftest.c
configure:4342: $? = 0
configure:4342: result: yes
configure:4342: checking for mach/mach_time.h
configure:4342: result: yes
configure:4342: checking sched.h usability
configure:4342: gcc -c   conftest.c >&5
configure:4342: $? = 0
configure:4342: result: yes
configure:4342: checking sched.h presence
configure:4342: gcc -E  conftest.c
configure:4342: $? = 0
configure:4342: result: yes
configure:4342: checking for sched.h
configure:4342: result: yes
configure:4355: checking for gethrtime
configure:4355: gcc -o conftest    conftest.c  >&5
Undefined symbols for architecture arm64:
  "_gethrtime", referenced from:
      _main in conftest-98f83a.o
ld: symbol(s) not found for architecture arm64
clang: error: linker command failed with exit code 1 (use -v to see invocation)
configure:4355: $? = 1
configure: failed program was:
| /* confdefs.h */
| #define PACKAGE_NAME "PAPI"
| #define PACKAGE_TARNAME "papi"
| #define PACKAGE_VERSION "7.2.0.0b1"
| #define PACKAGE_STRING "PAPI 7.2.0.0b1"
| #define PACKAGE_BUGREPORT "ptools-perfapi@icl.utk.edu"
| #define PACKAGE_URL ""
| #define STDC_HEADERS 1
| #define HAVE_SYS_TYPES_H 1
| #define HAVE_SYS_STAT_H 1
| #define HAVE_STDLIB_H 1
| #define HAVE_STRING_H 1
| #define HAVE_MEMORY_H 1
| #define HAVE_STRINGS_H 1
| #define HAVE_INTTYPES_H 1
| #define HAVE_STDINT_H 1
| #define HAVE_UNISTD_H 1
| #define __EXTENSIONS__ 1
| #define _ALL_SOURCE 1
| #define _GNU_SOURCE 1
| #define _POSIX_PTHREAD_SEMANTICS 1
| #define _TANDEM_SOURCE 1
| #define STDC_HEADERS 1
| #define TIME_WITH_SYS_TIME 1
| #define HAVE_SYS_TIME_H 1
| #define HAVE_MACH_MACH_TIME_H 1
| #define HAVE_SCHED_H 1
| /* end confdefs.h.  */
| /* Define gethrtime to an innocuous variant, in case <limits.h> declares gethrtime.
|    For example, HP-UX 11i <limits.h> declares gettimeofday.  */
| #define gethrtime innocuous_gethrtime
| 
| /* System header to define __stub macros and hopefully few prototypes,
|     which can conflict with char gethrtime (); below.
|     Prefer <limits.h> to <assert.h> if __STDC__ is defined, since
|     <limits.h> exists even on freestanding compilers.  */
| 
| #ifdef __STDC__
| # include <limits.h>
| #else
| # include <assert.h>
| #endif
| 
| #undef gethrtime
| 
| /* Override any GCC internal prototype to avoid an error.
|    Use char because int might match the return type of a GCC
|    builtin and then its argument prototype would still apply.  */
| #ifdef __cplusplus
| extern "C"
| #endif
| char gethrtime ();
| /* The GNU C library defines this for functions which it implements
|     to always fail with ENOSYS.  Some functions are actually named
|     something starting with __ and the normal name is an alias.  */
| #if defined __stub_gethrtime || defined __stub___gethrtime
| choke me
| #endif
| 
| int
| main ()
| {
| return gethrtime ();
|   ;
|   return 0;
| }
configure:4355: result: no
configure:4355: checking for read_real_time
configure:4355: gcc -o conftest    conftest.c  >&5
Undefined symbols for architecture arm64:
  "_read_real_time", referenced from:
      _main in conftest-ef4861.o
ld: symbol(s) not found for architecture arm64
clang: error: linker command failed with exit code 1 (use -v to see invocation)
configure:4355: $? = 1
configure: failed program was:
| /* confdefs.h */
| #define PACKAGE_NAME "PAPI"
| #define PACKAGE_TARNAME "papi"
| #define PACKAGE_VERSION "7.2.0.0b1"
| #define PACKAGE_STRING "PAPI 7.2.0.0b1"
| #define PACKAGE_BUGREPORT "ptools-perfapi@icl.utk.edu"
| #define PACKAGE_URL ""
| #define STDC_HEADERS 1
| #define HAVE_SYS_TYPES_H 1
| #define HAVE_SYS_STAT_H 1
| #define HAVE_STDLIB_H 1
| #define HAVE_STRING_H 1
| #define HAVE_MEMORY_H 1
| #define HAVE_STRINGS_H 1
| #define HAVE_INTTYPES_H 1
| #define HAVE_STDINT_H 1
| #define HAVE_UNISTD_H 1
| #define __EXTENSIONS__ 1
| #define _ALL_SOURCE 1
| #define _GNU_SOURCE 1
| #define _POSIX_PTHREAD_SEMANTICS 1
| #define _TANDEM_SOURCE 1
| #define STDC_HEADERS 1
| #define TIME_WITH_SYS_TIME 1
| #define HAVE_SYS_TIME_H 1
| #define HAVE_MACH_MACH_TIME_H 1
| #define HAVE_SCHED_H 1
| /* end confdefs.h.  */
| /* Define read_real_time to an innocuous variant, in case <limits.h> declares read_real_time.
|    For example, HP-UX 11i <limits.h> declares gettimeofday.  */
| #define read_real_time innocuous_read_real_time
| 
| /* System header to define __stub macros and hopefully few prototypes,
|     which can conflict with char read_real_time (); below.
|     Prefer <limits.h> to <assert.h> if __STDC__ is defined, since
|     <limits.h> exists even on freestanding compilers.  */
| 
| #ifdef __STDC__
| # include <limits.h>
| #else
| # include <assert.h>
| #endif
| 
| #undef read_real_time
| 
| /* Override any GCC internal prototype to avoid an error.
|    Use char because int might match the return type of a GCC
|    builtin and then its argument prototype would still apply.  */
| #ifdef __cplusplus
| extern "C"
| #endif
| char read_real_time ();
| /* The GNU C library defines this for functions which it implements
|     to always fail with ENOSYS.  Some functions are actually named
|     something starting with __ and the normal name is an alias.  */
| #if defined __stub_read_real_time || defined __stub___read_real_time
| choke me
| #endif
| 
| int
| main ()
| {
| return read_real_time ();
|   ;
|   return 0;
| }
configure:4355: result: no
configure:4355: checking for time_base_to_time
configure:4355: gcc -o conftest    conftest.c  >&5
Undefined symbols for architecture arm64:
  "_time_base_to_time", referenced from:
      _main in conftest-21a718.o
ld: symbol(s) not found for architecture arm64
clang: error: linker command failed with exit code 1 (use -v to see invocation)
configure:4355: $? = 1
configure: failed program was:
| /* confdefs.h */
| #define PACKAGE_NAME "PAPI"
| #define PACKAGE_TARNAME "papi"
| #define PACKAGE_VERSION "7.2.0.0b1"
| #define PACKAGE_STRING "PAPI 7.2.0.0b1"
| #define PACKAGE_BUGREPORT "ptools-perfapi@icl.utk.edu"
| #define PACKAGE_URL ""
| #define STDC_HEADERS 1
| #define HAVE_SYS_TYPES_H 1
| #define HAVE_SYS_STAT_H 1
| #define HAVE_STDLIB_H 1
| #define HAVE_STRING_H 1
| #define HAVE_MEMORY_H 1
| #define HAVE_STRINGS_H 1
| #define HAVE_INTTYPES_H 1
| #define HAVE_STDINT_H 1
| #define HAVE_UNISTD_H 1
| #define __EXTENSIONS__ 1
| #define _ALL_SOURCE 1
| #define _GNU_SOURCE 1
| #define _POSIX_PTHREAD_SEMANTICS 1
| #define _TANDEM_SOURCE 1
| #define STDC_HEADERS 1
| #define TIME_WITH_SYS_TIME 1
| #define HAVE_SYS_TIME_H 1
| #define HAVE_MACH_MACH_TIME_H 1
| #define HAVE_SCHED_H 1
| /* end confdefs.h.  */
| /* Define time_base_to_time to an innocuous variant, in case <limits.h> declares time_base_to_time.
|    For example, HP-UX 11i <limits.h> declares gettimeofday.  */
| #define time_base_to_time innocuous_time_base_to_time
| 
| /* System header to define __stub macros and hopefully few prototypes,
|     which can conflict with char time_base_to_time (); below.
|     Prefer <limits.h> to <assert.h> if __STDC__ is defined, since
|     <limits.h> exists even on freestanding compilers.  */
| 
| #ifdef __STDC__
| # include <limits.h>
| #else
| # include <assert.h>
| #endif
| 
| #undef time_base_to_time
| 
| /* Override any GCC internal prototype to avoid an error.
|    Use char because int might match the return type of a GCC
|    builtin and then its argument prototype would still apply.  */
| #ifdef __cplusplus
| extern "C"
| #endif
| char time_base_to_time ();
| /* The GNU C library defines this for functions which it implements
|     to always fail with ENOSYS.  Some functions are actually named
|     something starting with __ and the normal name is an alias.  */
| #if defined __stub_time_base_to_time || defined __stub___time_base_to_time
| choke me
| #endif
| 
| int
| main ()
| {
| return time_base_to_time ();
|   ;
|   return 0;
| }
configure:4355: result: no
configure:4355: checking for clock_gettime
configure:4355: gcc -o conftest    conftest.c  >&5
configure:4355: $? = 0
configure:4355: result: yes
configure:4355: checking for mach_absolute_time
configure:4355: gcc -o conftest    conftest.c  >&5
configure:4355: $? = 0
configure:4355: result: yes
configure:4355: checking for sched_getcpu
configure:4355: gcc -o conftest    conftest.c  >&5
Undefined symbols for architecture arm64:
  "_sched_getcpu", referenced from:
      _main in conftest-a6f3fa.o
ld: symbol(s) not found for architecture arm64
clang: error: linker command failed with exit code 1 (use -v to see invocation)
configure:4355: $? = 1
configure: failed program was:
| /* confdefs.h */
| #define PACKAGE_NAME "PAPI"
| #define PACKAGE_TARNAME "papi"
| #define PACKAGE_VERSION "7.2.0.0b1"
| #define PACKAGE_STRING "PAPI 7.2.0.0b1"
| #define PACKAGE_BUGREPORT "ptools-perfapi@icl.utk.edu"
| #define PACKAGE_URL ""
| #define STDC_HEADERS 1
| #define HAVE_SYS_TYPES_H 1
| #define HAVE_SYS_STAT_H 1
| #define HAVE_STDLIB_H 1
| #define HAVE_STRING_H 1
| #define HAVE_MEMORY_H 1
| #define HAVE_STRINGS_H 1
| #define HAVE_INTTYPES_H 1
| #define HAVE_STDINT_H 1
| #define HAVE_UNISTD_H 1
| #define __EXTENSIONS__ 1
| #define _ALL_SOURCE 1
| #define _GNU_SOURCE 1
| #define _POSIX_PTHREAD_SEMANTICS 1
| #define _TANDEM_SOURCE 1
| #define STDC_HEADERS 1
| #define TIME_WITH_SYS_TIME 1
| #define HAVE_SYS_TIME_H 1
| #define HAVE_MACH_MACH_TIME_H 1
| #define HAVE_SCHED_H 1
| #define HAVE_CLOCK_GETTIME 1
| #define HAVE_MACH_ABSOLUTE_TIME 1
| /* end confdefs.h.  */
| /* Define sched_getcpu to an innocuous variant, in case <limits.h> declares sched_getcpu.
|    For example, HP-UX 11i <limits.h> declares gettimeofday.  */
| #define sched_getcpu innocuous_sched_getcpu
| 
| /* System header to define __stub macros and hopefully few prototypes,
|     which can conflict with char sched_getcpu (); below.
|     Prefer <limits.h> to <assert.h> if __STDC__ is defined, since
|     <limits.h> exists even on freestanding compilers.  */
| 
| #ifdef __STDC__
| # include <limits.h>
| #else
| # include <assert.h>
| #endif
| 
| #undef sched_getcpu
| 
| /* Override any GCC internal prototype to avoid an error.
|    Use char because int might match the return type of a GCC
|    builtin and then its argument prototype would still apply.  */
| #ifdef __cplusplus
| extern "C"
| #endif
| char sched_getcpu ();
| /* The GNU C library defines this for functions which it implements
|     to always fail with ENOSYS.  Some functions are actually named
|     something starting with __ and the normal name is an alias.  */
| #if defined __stub_sched_getcpu || defined __stub___sched_getcpu
| choke me
| #endif
| 
| int
| main ()
| {
| return sched_getcpu ();
|   ;
|   return 0;
| }
configure:4355: result: no
configure:4370: checking for timer_create and timer_*ettime symbols in base system
configure:4384: gcc -o conftest    conftest.c  >&5
conftest.c:36:1: error: unknown type name 'timer_t'; did you mean 'time_t'?
timer_t timerid; timer_create(CLOCK_REALTIME, NULL, &timerid);
^~~~~~~
time_t
/Library/Developer/CommandLineTools/SDKs/MacOSX.sdk/usr/include/sys/_types/_time_t.h:31:33: note: 'time_t' declared here
typedef __darwin_time_t         time_t;
                                ^
conftest.c:36:18: error: call to undeclared function 'timer_create'; ISO C99 and later do not support implicit function declarations [-Wimplicit-function-declaration]
timer_t timerid; timer_create(CLOCK_REALTIME, NULL, &timerid);
                 ^
2 errors generated.
configure:4384: $? = 1
configure: failed program was:
| /* confdefs.h */
| #define PACKAGE_NAME "PAPI"
| #define PACKAGE_TARNAME "papi"
| #define PACKAGE_VERSION "7.2.0.0b1"
| #define PACKAGE_STRING "PAPI 7.2.0.0b1"
| #define PACKAGE_BUGREPORT "ptools-perfapi@icl.utk.edu"
| #define PACKAGE_URL ""
| #define STDC_HEADERS 1
| #define HAVE_SYS_TYPES_H 1
| #define HAVE_SYS_STAT_H 1
| #define HAVE_STDLIB_H 1
| #define HAVE_STRING_H 1
| #define HAVE_MEMORY_H 1
| #define HAVE_STRINGS_H 1
| #define HAVE_INTTYPES_H 1
| #define HAVE_STDINT_H 1
| #define HAVE_UNISTD_H 1
| #define __EXTENSIONS__ 1
| #define _ALL_SOURCE 1
| #define _GNU_SOURCE 1
| #define _POSIX_PTHREAD_SEMANTICS 1
| #define _TANDEM_SOURCE 1
| #define STDC_HEADERS 1
| #define TIME_WITH_SYS_TIME 1
| #define HAVE_SYS_TIME_H 1
| #define HAVE_MACH_MACH_TIME_H 1
| #define HAVE_SCHED_H 1
| #define HAVE_CLOCK_GETTIME 1
| #define HAVE_MACH_ABSOLUTE_TIME 1
| /* end confdefs.h.  */
| #include <signal.h>
|              #include <time.h>
| int
| main ()
| {
| timer_t timerid; timer_create(CLOCK_REALTIME, NULL, &timerid);
|   ;
|   return 0;
| }
configure:4396: result: not found
configure:4398: checking for timer_create and timer_*ettime symbols in -lrt
configure:4414: gcc -o conftest    conftest.c  -lrt >&5
conftest.c:36:1: error: unknown type name 'timer_t'; did you mean 'time_t'?
timer_t timerid; timer_create(CLOCK_REALTIME, NULL, &timerid);
^~~~~~~
time_t
/Library/Developer/CommandLineTools/SDKs/MacOSX.sdk/usr/include/sys/_types/_time_t.h:31:33: note: 'time_t' declared here
typedef __darwin_time_t         time_t;
                                ^
conftest.c:36:18: error: call to undeclared function 'timer_create'; ISO C99 and later do not support implicit function declarations [-Wimplicit-function-declaration]
timer_t timerid; timer_create(CLOCK_REALTIME, NULL, &timerid);
                 ^
2 errors generated.
configure:4414: $? = 1
configure: failed program was:
| /* confdefs.h */
| #define PACKAGE_NAME "PAPI"
| #define PACKAGE_TARNAME "papi"
| #define PACKAGE_VERSION "7.2.0.0b1"
| #define PACKAGE_STRING "PAPI 7.2.0.0b1"
| #define PACKAGE_BUGREPORT "ptools-perfapi@icl.utk.edu"
| #define PACKAGE_URL ""
| #define STDC_HEADERS 1
| #define HAVE_SYS_TYPES_H 1
| #define HAVE_SYS_STAT_H 1
| #define HAVE_STDLIB_H 1
| #define HAVE_STRING_H 1
| #define HAVE_MEMORY_H 1
| #define HAVE_STRINGS_H 1
| #define HAVE_INTTYPES_H 1
| #define HAVE_STDINT_H 1
| #define HAVE_UNISTD_H 1
| #define __EXTENSIONS__ 1
| #define _ALL_SOURCE 1
| #define _GNU_SOURCE 1
| #define _POSIX_PTHREAD_SEMANTICS 1
| #define _TANDEM_SOURCE 1
| #define STDC_HEADERS 1
| #define TIME_WITH_SYS_TIME 1
| #define HAVE_SYS_TIME_H 1
| #define HAVE_MACH_MACH_TIME_H 1
| #define HAVE_SCHED_H 1
| #define HAVE_CLOCK_GETTIME 1
| #define HAVE_MACH_ABSOLUTE_TIME 1
| /* end confdefs.h.  */
| #include <signal.h>
|                  #include <time.h>
| int
| main ()
| {
| timer_t timerid; timer_create(CLOCK_REALTIME, NULL, &timerid);
|   ;
|   return 0;
| }
configure:4427: result: not found
configure:4429: checking for timer_create and timer_*ettime symbols in -lrt -lpthread
configure:4445: gcc -o conftest    conftest.c  -lrt -lpthread >&5
conftest.c:36:1: error: unknown type name 'timer_t'; did you mean 'time_t'?
timer_t timerid; timer_create(CLOCK_REALTIME, NULL, &timerid);
^~~~~~~
time_t
/Library/Developer/CommandLineTools/SDKs/MacOSX.sdk/usr/include/sys/_types/_time_t.h:31:33: note: 'time_t' declared here
typedef __darwin_time_t         time_t;
                                ^
conftest.c:36:18: error: call to undeclared function 'timer_create'; ISO C99 and later do not support implicit function declarations [-Wimplicit-function-declaration]
timer_t timerid; timer_create(CLOCK_REALTIME, NULL, &timerid);
                 ^
2 errors generated.
configure:4445: $? = 1
configure: failed program was:
| /* confdefs.h */
| #define PACKAGE_NAME "PAPI"
| #define PACKAGE_TARNAME "papi"
| #define PACKAGE_VERSION "7.2.0.0b1"
| #define PACKAGE_STRING "PAPI 7.2.0.0b1"
| #define PACKAGE_BUGREPORT "ptools-perfapi@icl.utk.edu"
| #define PACKAGE_URL ""
| #define STDC_HEADERS 1
| #define HAVE_SYS_TYPES_H 1
| #define HAVE_SYS_STAT_H 1
| #define HAVE_STDLIB_H 1
| #define HAVE_STRING_H 1
| #define HAVE_MEMORY_H 1
| #define HAVE_STRINGS_H 1
| #define HAVE_INTTYPES_H 1
| #define HAVE_STDINT_H 1
| #define HAVE_UNISTD_H 1
| #define __EXTENSIONS__ 1
| #define _ALL_SOURCE 1
| #define _GNU_SOURCE 1
| #define _POSIX_PTHREAD_SEMANTICS 1
| #define _TANDEM_SOURCE 1
| #define STDC_HEADERS 1
| #define TIME_WITH_SYS_TIME 1
| #define HAVE_SYS_TIME_H 1
| #define HAVE_MACH_MACH_TIME_H 1
| #define HAVE_SCHED_H 1
| #define HAVE_CLOCK_GETTIME 1
| #define HAVE_MACH_ABSOLUTE_TIME 1
| /* end confdefs.h.  */
| #include <signal.h>
|                              #include <time.h>
| int
| main ()
| {
| timer_t timerid; timer_create(CLOCK_REALTIME, NULL, &timerid);
|   ;
|   return 0;
| }
configure:4458: error: cannot find timer_create and timer_*ettime symbols neither in the base system libraries nor in -lrt, nor in -lrt -lpthread

## ---------------- ##
## Cache variables. ##
## ---------------- ##

ac_cv_c_compiler_gnu=yes
ac_cv_c_inline=inline
ac_cv_env_CC_set=
ac_cv_env_CC_value=
ac_cv_env_CFLAGS_set=
ac_cv_env_CFLAGS_value=
ac_cv_env_CPPFLAGS_set=
ac_cv_env_CPPFLAGS_value=
ac_cv_env_CPP_set=
ac_cv_env_CPP_value=
ac_cv_env_F77_set=
ac_cv_env_F77_value=
ac_cv_env_FFLAGS_set=
ac_cv_env_FFLAGS_value=
ac_cv_env_LDFLAGS_set=
ac_cv_env_LDFLAGS_value=
ac_cv_env_LIBS_set=
ac_cv_env_LIBS_value=
ac_cv_env_build_alias_set=
ac_cv_env_build_alias_value=
ac_cv_env_host_alias_set=
ac_cv_env_host_alias_value=
ac_cv_env_target_alias_set=
ac_cv_env_target_alias_value=
ac_cv_f77_compiler_gnu=yes
ac_cv_func_clock_gettime=yes
ac_cv_func_gethrtime=no
ac_cv_func_mach_absolute_time=yes
ac_cv_func_read_real_time=no
ac_cv_func_sched_getcpu=no
ac_cv_func_time_base_to_time=no
ac_cv_header_c_asm_h=no
ac_cv_header_intrinsics_h=no
ac_cv_header_inttypes_h=yes
ac_cv_header_mach_mach_time_h=yes
ac_cv_header_memory_h=yes
ac_cv_header_minix_config_h=no
ac_cv_header_sched_h=yes
ac_cv_header_stdc=yes
ac_cv_header_stdint_h=yes
ac_cv_header_stdlib_h=yes
ac_cv_header_string_h=yes
ac_cv_header_strings_h=yes
ac_cv_header_sys_stat_h=yes
ac_cv_header_sys_time_h=yes
ac_cv_header_sys_types_h=yes
ac_cv_header_time=yes
ac_cv_header_unistd_h=yes
ac_cv_objext=o
ac_cv_path_EGREP='/usr/bin/grep -E'
ac_cv_path_GREP=/usr/bin/grep
ac_cv_prog_AWK=awk
ac_cv_prog_CPP='gcc -E'
ac_cv_prog_ac_ct_CC=gcc
ac_cv_prog_ac_ct_F77=gfortran
ac_cv_prog_ac_ct_RANLIB=ranlib
ac_cv_prog_cc_c89=
ac_cv_prog_cc_g=yes
ac_cv_prog_f77_g=yes
ac_cv_prog_make_make_set=yes
ac_cv_safe_to_define___extensions__=yes

## ----------------- ##
## Output variables. ##
## ----------------- ##

AR=''
ARCH_EVENTS=''
ARG64=''
AWK='awk'
BGPM_INSTALL_DIR=''
BGP_SYSDIR=''
BITFLAGS=''
BUILD_LIBSDE_SHARED=''
BUILD_LIBSDE_STATIC=''
CC='gcc'
CC_COMMON_NAME='unknown'
CC_R=''
CC_SHR=''
CFLAGS=''
COMPONENTS=''
COMPONENT_RULES=''
CPP='gcc -E'
CPPFLAGS=''
CPU=''
CPUCOMPONENT_C=''
CPUCOMPONENT_NAME=''
CPUCOMPONENT_OBJ=''
CPU_MODEL=''
CTEST_TARGETS=''
DEFS=''
DESCR=''
ECHO_C='\c'
ECHO_N=''
ECHO_T=''
EGREP='/usr/bin/grep -E'
ENABLE_FORTRAN=''
ENABLE_FORTRAN_TESTS=''
EXEEXT=''
F77='gfortran'
FFLAGS=''
FILENAME=''
FLAGS=''
FORT_HEADERS=''
FORT_WRAPPERS_OBJ=''
FORT_WRAPPERS_SRC=''
FTEST_TARGETS=''
GREP='/usr/bin/grep'
HAVE_NO_OVERRIDE_INIT=''
LDFLAGS=''
LDL=''
LIBOBJS=''
LIBRARY=''
LIBS=''
LIBSDEFLAGS=''
LINKLIB=''
LN_S='ln -s'
LRT=''
LTLIBOBJS=''
MAKEVER=''
MIC='no'
MISCHDRS=''
MISCOBJS=''
MISCSRCS=''
MPICC=''
MPIICC=''
NEC='no'
NOOPT=''
NO_MPI_TESTS=''
NVPPC64LEFLAGS=''
OBJEXT='o'
OMPCFLGS=''
OPTFLAGS='-O2'
OS='darwin'
OSCONTEXT=''
OSFILESHDR=''
OSFILESOBJ=''
OSFILESSRC=''
OSLOCK=''
PACKAGE_BUGREPORT='ptools-perfapi@icl.utk.edu'
PACKAGE_NAME='PAPI'
PACKAGE_STRING='PAPI 7.2.0.0b1'
PACKAGE_TARNAME='papi'
PACKAGE_URL=''
PACKAGE_VERSION='7.2.0.0b1'
PAPICFLAGS=''
PAPISOVER=''
PAPI_EVENTS=''
PAPI_EVENTS_CSV=''
PATH_SEPARATOR=':'
PMAPI=''
PMINIT=''
POST_BUILD=''
RANLIB='ranlib'
SETPATH=''
SET_MAKE=''
SHELL='/bin/sh'
SHLIB=''
SHLIBDEPS=''
SHOW_CONF=''
SMPCFLGS=''
STATIC=''
TESTS=''
TOPTFLAGS='-O1'
VERSION=''
VLIB=''
ac_ct_CC='gcc'
ac_ct_F77='gfortran'
altix=''
arch='arm64'
bindir='${exec_prefix}/bin'
build_alias=''
cpu_option=''
datadir='${datarootdir}'
datarootdir='${prefix}/share'
docdir='${datarootdir}/doc/${PACKAGE_TARNAME}'
dvidir='${docdir}'
exec_prefix='NONE'
host_alias=''
htmldir='${docdir}'
includedir='${prefix}/include'
infodir='${datarootdir}/info'
libdir='${exec_prefix}/lib'
libexecdir='${exec_prefix}/libexec'
localedir='${datarootdir}/locale'
localstatedir='${prefix}/var'
mandir='${datarootdir}/man'
old_pfmv2=''
oldincludedir='/usr/include'
papiLIBS=''
pdfdir='${docdir}'
pfm_incdir=''
pfm_libdir=''
pfm_prefix=''
pfm_root=''
prefix='NONE'
program_transform_name='s,x,x,'
psdir='${docdir}'
runstatedir='${localstatedir}/run'
sbindir='${exec_prefix}/sbin'
sharedstatedir='${prefix}/com'
sysconfdir='${prefix}/etc'
target_alias=''
tests=''

## ----------- ##
## confdefs.h. ##
## ----------- ##

/* confdefs.h */
#define PACKAGE_NAME "PAPI"
#define PACKAGE_TARNAME "papi"
#define PACKAGE_VERSION "7.2.0.0b1"
#define PACKAGE_STRING "PAPI 7.2.0.0b1"
#define PACKAGE_BUGREPORT "ptools-perfapi@icl.utk.edu"
#define PACKAGE_URL ""
#define STDC_HEADERS 1
#define HAVE_SYS_TYPES_H 1
#define HAVE_SYS_STAT_H 1
#define HAVE_STDLIB_H 1
#define HAVE_STRING_H 1
#define HAVE_MEMORY_H 1
#define HAVE_STRINGS_H 1
#define HAVE_INTTYPES_H 1
#define HAVE_STDINT_H 1
#define HAVE_UNISTD_H 1
#define __EXTENSIONS__ 1
#define _ALL_SOURCE 1
#define _GNU_SOURCE 1
#define _POSIX_PTHREAD_SEMANTICS 1
#define _TANDEM_SOURCE 1
#define STDC_HEADERS 1
#define TIME_WITH_SYS_TIME 1
#define HAVE_SYS_TIME_H 1
#define HAVE_MACH_MACH_TIME_H 1
#define HAVE_SCHED_H 1
#define HAVE_CLOCK_GETTIME 1
#define HAVE_MACH_ABSOLUTE_TIME 1

configure: exit 1
